app/build/intermediates/manifest_merge_blame_file/debug/manifest-merger-blame-debug-report.txt
1<?xml version="1.0" encoding="utf-8"?>
2<!--
3  ~ Copyright (c) 2021. Yash Kasera
4  ~
5  ~  Licensed under the Apache License, Version 2.0 (the "License");
6  ~    you may not use this file except in compliance with the License.
7  ~    You may obtain a copy of the License at
8  ~
9  ~        http://www.apache.org/licenses/LICENSE-2.0
10  ~
11  ~    Unless required by applicable law or agreed to in writing, software
12  ~    distributed under the License is distributed on an "AS IS" BASIS,
13  ~    WITHOUT WARRANTIES OR CONDITIONS OF ANY KIND, either express or implied.
14  ~    See the License for the specific language governing permissions and
15  ~    limitations under the License.
16-->
17<manifest xmlns:android="http://schemas.android.com/apk/res/android"
18    package="com.yashkasera.watsights"
19    android:versionCode="1"
20    android:versionName="1.0" >
21
22    <uses-sdk
23        android:minSdkVersion="26"
23-->src/main/AndroidManifest.xml
24        android:targetSdkVersion="30" />
24-->src/main/AndroidManifest.xml
25
26    <uses-permission android:name="android.permission.READ_EXTERNAL_STORAGE" />
26-->src/main/AndroidManifest.xml:21:5-80
26-->src/main/AndroidManifest.xml:21:22-77
27    <uses-permission android:name="android.permission.WRITE_EXTERNAL_STORAGE" />
27-->src/main/AndroidManifest.xml:22:5-81
27-->src/main/AndroidManifest.xml:22:22-78
28    <uses-permission android:name="android.permission.MANAGE_EXTERNAL_STORAGE" />
28-->src/main/AndroidManifest.xml:23:5-82
28-->src/main/AndroidManifest.xml:23:22-79
29    <uses-permission android:name="android.permission.READ_CALL_LOG" />
29-->src/main/AndroidManifest.xml:24:5-71
29-->src/main/AndroidManifest.xml:24:22-69
30    <uses-permission android:name="android.permission.USE_BIOMETRIC" /> <!-- suppress DeprecatedClassUsageInspection -->
30-->[androidx.biometric:biometric:1.1.0] AndroidManifest.xml:24:5-72
30-->[androidx.biometric:biometric:1.1.0] AndroidManifest.xml:24:22-69
31    <uses-permission android:name="android.permission.USE_FINGERPRINT" />
31-->[androidx.biometric:biometric:1.1.0] AndroidManifest.xml:27:5-74
31-->[androidx.biometric:biometric:1.1.0] AndroidManifest.xml:27:22-71
32
33    <application
33-->src/main/AndroidManifest.xml:25:5-68:19
34        android:allowBackup="true"
34-->src/main/AndroidManifest.xml:26:9-35
35        android:appComponentFactory="androidx.core.app.CoreComponentFactory"
35-->[androidx.core:core:1.3.2] AndroidManifest.xml:24:18-86
36        android:debuggable="true"
37        android:extractNativeLibs="false"
38        android:icon="@mipmap/ic_launcher"
38-->src/main/AndroidManifest.xml:27:9-43
39        android:label="@string/app_name"
39-->src/main/AndroidManifest.xml:28:9-41
40        android:requestLegacyExternalStorage="true"
40-->src/main/AndroidManifest.xml:29:9-52
41        android:roundIcon="@mipmap/ic_launcher_round"
41-->src/main/AndroidManifest.xml:30:9-54
42        android:supportsRtl="true"
42-->src/main/AndroidManifest.xml:31:9-35
43        android:testOnly="true"
44        android:theme="@style/Theme.WatSights" >
44-->src/main/AndroidManifest.xml:32:9-47
45        <activity android:name="com.yashkasera.watsights.activity.WelcomeActivity" />
45-->src/main/AndroidManifest.xml:33:9-62
45-->src/main/AndroidManifest.xml:33:19-59
46        <activity
46-->src/main/AndroidManifest.xml:34:9-37:67
47            android:name="com.yashkasera.watsights.activity.SettingsActivity"
47-->src/main/AndroidManifest.xml:35:13-54
48            android:label="@string/title_activity_settings"
48-->src/main/AndroidManifest.xml:36:13-60
49            android:parentActivityName="com.yashkasera.watsights.activity.MainActivity" />
49-->src/main/AndroidManifest.xml:37:13-64
50        <activity android:name="com.yashkasera.watsights.activity.SplashActivity" >
50-->src/main/AndroidManifest.xml:38:9-44:20
50-->src/main/AndroidManifest.xml:38:19-58
51            <intent-filter>
51-->src/main/AndroidManifest.xml:39:13-43:29
52                <action android:name="android.intent.action.MAIN" />
52-->src/main/AndroidManifest.xml:40:17-69
52-->src/main/AndroidManifest.xml:40:25-66
53
54                <category android:name="android.intent.category.LAUNCHER" />
54-->src/main/AndroidManifest.xml:42:17-77
54-->src/main/AndroidManifest.xml:42:27-74
55            </intent-filter>
56        </activity>
57        <activity
57-->src/main/AndroidManifest.xml:45:9-47:48
58            android:name="com.yashkasera.watsights.activity.MainActivity"
58-->src/main/AndroidManifest.xml:46:13-50
59            android:label="@string/app_name" />
59-->src/main/AndroidManifest.xml:47:13-45
60
61        <service
61-->src/main/AndroidManifest.xml:49:9-56:19
62            android:name="com.yashkasera.watsights.services.NotificationService"
62-->src/main/AndroidManifest.xml:50:13-57
63            android:label="@string/app_name"
63-->src/main/AndroidManifest.xml:51:13-45
64            android:permission="android.permission.BIND_NOTIFICATION_LISTENER_SERVICE" >
64-->src/main/AndroidManifest.xml:52:13-87
65            <intent-filter>
65-->src/main/AndroidManifest.xml:53:13-55:29
66                <action android:name="android.service.notification.NotificationListenerService" />
66-->src/main/AndroidManifest.xml:54:17-99
66-->src/main/AndroidManifest.xml:54:25-96
67            </intent-filter>
68        </service>
69        <service
69-->src/main/AndroidManifest.xml:57:9-59:62
70            android:name="com.yashkasera.watsights.services.MediaListenerService"
70-->src/main/AndroidManifest.xml:58:13-58
71            android:label="@string/media_observer_service" />
71-->src/main/AndroidManifest.xml:59:13-59
72        <service
72-->src/main/AndroidManifest.xml:60:9-63:72
73            android:name="com.yashkasera.watsights.services.FileDeleteService"
73-->src/main/AndroidManifest.xml:61:13-55
74            android:label="Delete File"
74-->src/main/AndroidManifest.xml:62:13-40
75            android:permission="android.permission.BIND_JOB_SERVICE" />
75-->src/main/AndroidManifest.xml:63:13-69
76
77        <meta-data
77-->src/main/AndroidManifest.xml:65:9-67:57
78            android:name="preloaded_fonts"
78-->src/main/AndroidManifest.xml:66:13-43
79            android:resource="@array/preloaded_fonts" />
79-->src/main/AndroidManifest.xml:67:13-54
80
81        <service
81-->[androidx.room:room-runtime:2.2.6] AndroidManifest.xml:25:9-28:40
82            android:name="androidx.room.MultiInstanceInvalidationService"
82-->[androidx.room:room-runtime:2.2.6] AndroidManifest.xml:26:13-74
83            android:directBootAware="true"
83-->[androidx.room:room-runtime:2.2.6] AndroidManifest.xml:27:13-43
84            android:exported="false" />
84-->[androidx.room:room-runtime:2.2.6] AndroidManifest.xml:28:13-37
85    </application>
86
87</manifest>